================ RUN 1 ================

Reggy: Hi! What is your full name?
You: Sahilpreet Singh
Reggy: Nice to meet you Sahilpreet Singh!
Reggy: When is your birthday?
You: 21-09-2004
Reggy: You are 21 years old!
Reggy: How are you feeling today?
You: I am hapy
Reggy: That's wonderful! Keep smiling!
You: bye
Reggy: Goodbye Sahilpreet!

================ RUN 2 ================

Reggy: Hi! What is your full name?
You: Rahul Sharma
Reggy: Nice to meet you Rahul Sharma!
Reggy: When is your birthday?
You: 15 August 2003
Reggy: You are 22 years old!
Reggy: How are you feeling today?
You: I am tyred
Reggy: I'm sorry to hear that. Things will get better!
You: exit
Reggy: Goodbye Rahul!

================ RUN 3 (Failure Case) ================

Reggy: Hi! What is your full name?
You: Ankit
Reggy: Nice to meet you Ankit!
Reggy: When is your birthday?
You: tomorrow
Reggy: I couldn't understand that date. Please try again.
You: 05/05/05
Reggy: You are 20 years old!
Reggy: How are you feeling today?
You: okayish
Reggy: I see. Tell me more about it.
You: quit
Reggy: Goodbye Ankit!
